     ************************     
  *                            *  
 *   NAITO-Rescue10 started.    * 
  *                            *  
     ************************     
FB:MySearch is constructed.
FB:Mysearch.costInit();
FB:........Now processing... Road (275)
FB:........neighbour = Road (268)
FB:........initCost[275][268] = 18178
FB:........neighbour = Road (258)
FB:........initCost[275][258] = 11241
FB:........Now processing... Road (274)
FB:........neighbour = Refuge (255)
FB:........neighbour = Road (267)
FB:........initCost[274][267] = 40838
FB:........neighbour = Road (279)
FB:........initCost[274][279] = 10661
FB:........Now processing... Road (273)
FB:........neighbour = Road (281)
FB:........initCost[273][281] = 41290
FB:........neighbour = Road (276)
FB:........initCost[273][276] = 55519
FB:........Now processing... Road (272)
FB:........neighbour = Road (277)
FB:........initCost[272][277] = 41516
FB:........neighbour = Road (281)
FB:........initCost[272][281] = 10837
FB:........Now processing... Road (279)
FB:........neighbour = Road (274)
FB:........initCost[279][274] = 10661
FB:........neighbour = Road (266)
FB:........initCost[279][266] = 20572
FB:........neighbour = Road (276)
FB:........initCost[279][276] = 40627
FB:........Now processing... Road (278)
FB:........neighbour = Road (271)
FB:........initCost[278][271] = 17681
FB:........neighbour = Road (268)
FB:........initCost[278][268] = 17537
FB:........neighbour = Road (263)
FB:........initCost[278][263] = 9720
FB:........Now processing... Road (277)
FB:........neighbour = Road (272)
FB:........initCost[277][272] = 41516
FB:........neighbour = Road (259)
FB:........initCost[277][259] = 44534
FB:........Now processing... Road (276)
FB:........neighbour = Road (279)
FB:........initCost[276][279] = 40627
FB:........neighbour = Road (273)
FB:........initCost[276][273] = 55519
FB:........Now processing... Road (283)
FB:........Now processing... Road (282)
FB:........Now processing... Road (281)
FB:........neighbour = Road (256)
FB:........initCost[281][256] = 10608
FB:........neighbour = Road (272)
FB:........initCost[281][272] = 10837
FB:........neighbour = Road (273)
FB:........initCost[281][273] = 41290
FB:........Now processing... Road (280)
FB:........neighbour = Road (257)
FB:........initCost[280][257] = 16161
FB:........neighbour = Road (262)
FB:........initCost[280][262] = 8683
FB:........neighbour = Road (259)
FB:........initCost[280][259] = 7313
FB:........Now processing... Road (285)
FB:........Now processing... Road (284)
FB:........Now processing... Road (258)
FB:........neighbour = Road (275)
FB:........initCost[258][275] = 11241
FB:........neighbour = Road (269)
FB:........initCost[258][269] = 7383
FB:........Now processing... Road (259)
FB:........neighbour = Road (280)
FB:........initCost[259][280] = 7313
FB:........neighbour = Road (277)
FB:........initCost[259][277] = 44534
FB:........Now processing... Road (256)
FB:........neighbour = Road (281)
FB:........initCost[256][281] = 10608
FB:........neighbour = Road (271)
FB:........initCost[256][271] = 23293
FB:........Now processing... Road (257)
FB:........neighbour = Road (270)
FB:........initCost[257][270] = 21161
FB:........neighbour = Road (280)
FB:........initCost[257][280] = 16161
FB:........Now processing... Road (262)
FB:........neighbour = Road (267)
FB:........initCost[262][267] = 45514
FB:........neighbour = Road (280)
FB:........initCost[262][280] = 8683
FB:........Now processing... Road (263)
FB:........neighbour = Road (278)
FB:........initCost[263][278] = 9720
FB:........neighbour = Road (270)
FB:........initCost[263][270] = 9503
FB:........Now processing... Road (260)
FB:........neighbour = Road (264)
FB:........initCost[260][264] = 11637
FB:........neighbour = null
FB:........Now processing... Road (266)
FB:........neighbour = Road (269)
FB:........initCost[266][269] = 19644
FB:........neighbour = Road (279)
FB:........initCost[266][279] = 20572
FB:........Now processing... Road (267)
FB:........neighbour = Building (254)
FB:........neighbour = Building (254)
FB:........neighbour = Building (254)
FB:........neighbour = Road (262)
FB:........initCost[267][262] = 45514
FB:........neighbour = Road (274)
FB:........initCost[267][274] = 40838
FB:........neighbour = Refuge (255)
FB:........Now processing... Road (264)
FB:........neighbour = Road (260)
FB:........initCost[264][260] = 11637
FB:........neighbour = null
FB:........Now processing... Road (270)
FB:........neighbour = Road (263)
FB:........initCost[270][263] = 9503
FB:........neighbour = Road (257)
FB:........initCost[270][257] = 21161
FB:........Now processing... Road (271)
FB:........neighbour = Road (256)
FB:........initCost[271][256] = 23293
FB:........neighbour = Road (278)
FB:........initCost[271][278] = 17681
FB:........Now processing... Road (268)
FB:........neighbour = Road (278)
FB:........initCost[268][278] = 17537
FB:........neighbour = Road (275)
FB:........initCost[268][275] = 18178
FB:........Now processing... Road (269)
FB:........neighbour = Road (258)
FB:........initCost[269][258] = 7383
FB:........neighbour = Road (266)
FB:........initCost[269][266] = 19644
FB:MySearch.costInit(); DONE!
PF:MySearch is constructed.
PF:Mysearch.costInit();
PF:........Now processing... Road (275)
PF:........neighbour = Road (268)
PF:........initCost[275][268] = 18178
PF:........neighbour = Road (258)
PF:........initCost[275][258] = 11241
PF:........Now processing... Road (274)
PF:........neighbour = Refuge (255)
PF:........neighbour = Road (267)
PF:........initCost[274][267] = 40838
PF:........neighbour = Road (279)
PF:........initCost[274][279] = 10661
PF:........Now processing... Road (273)
PF:........neighbour = Road (281)
PF:........initCost[273][281] = 41290
PF:........neighbour = Road (276)
PF:........initCost[273][276] = 55519
PF:........Now processing... Road (272)
PF:........neighbour = Road (277)
PF:........initCost[272][277] = 41516
PF:........neighbour = Road (281)
PF:........initCost[272][281] = 10837
PF:........Now processing... Road (279)
PF:........neighbour = Road (274)
PF:........initCost[279][274] = 10661
PF:........neighbour = Road (266)
PF:........initCost[279][266] = 20572
PF:........neighbour = Road (276)
PF:........initCost[279][276] = 40627
PF:........Now processing... Road (278)
PF:........neighbour = Road (271)
PF:........initCost[278][271] = 17681
PF:........neighbour = Road (268)
PF:........initCost[278][268] = 17537
PF:........neighbour = Road (263)
PF:........initCost[278][263] = 9720
PF:........Now processing... Road (277)
PF:........neighbour = Road (272)
PF:........initCost[277][272] = 41516
PF:........neighbour = Road (259)
PF:........initCost[277][259] = 44534
PF:........Now processing... Road (276)
PF:........neighbour = Road (279)
PF:........initCost[276][279] = 40627
PF:........neighbour = Road (273)
PF:........initCost[276][273] = 55519
PF:........Now processing... Road (283)
PF:........Now processing... Road (282)
PF:........Now processing... Road (281)
PF:........neighbour = Road (256)
PF:........initCost[281][256] = 10608
PF:........neighbour = Road (272)
PF:........initCost[281][272] = 10837
PF:........neighbour = Road (273)
PF:........initCost[281][273] = 41290
PF:........Now processing... Road (280)
PF:........neighbour = Road (257)
PF:........initCost[280][257] = 16161
PF:........neighbour = Road (262)
PF:........initCost[280][262] = 8683
PF:........neighbour = Road (259)
PF:........initCost[280][259] = 7313
PF:........Now processing... Road (285)
PF:........Now processing... Road (284)
PF:........Now processing... Road (258)
PF:........neighbour = Road (275)
PF:........initCost[258][275] = 11241
PF:........neighbour = Road (269)
PF:........initCost[258][269] = 7383
PF:........Now processing... Road (259)
PF:........neighbour = Road (280)
PF:........initCost[259][280] = 7313
PF:........neighbour = Road (277)
PF:........initCost[259][277] = 44534
PF:........Now processing... Road (256)
PF:........neighbour = Road (281)
PF:........initCost[256][281] = 10608
PF:........neighbour = Road (271)
PF:........initCost[256][271] = 23293
PF:........Now processing... Road (257)
PF:........neighbour = Road (270)
PF:........initCost[257][270] = 21161
PF:........neighbour = Road (280)
PF:........initCost[257][280] = 16161
PF:........Now processing... Road (262)
PF:........neighbour = Road (267)
PF:........initCost[262][267] = 45514
PF:........neighbour = Road (280)
PF:........initCost[262][280] = 8683
PF:........Now processing... Road (263)
PF:........neighbour = Road (278)
PF:........initCost[263][278] = 9720
PF:........neighbour = Road (270)
PF:........initCost[263][270] = 9503
PF:........Now processing... Road (260)
PF:........neighbour = Road (264)
PF:........initCost[260][264] = 11637
PF:........neighbour = null
PF:........Now processing... Road (266)
PF:........neighbour = Road (269)
PF:........initCost[266][269] = 19644
PF:........neighbour = Road (279)
PF:........initCost[266][279] = 20572
PF:........Now processing... Road (267)
PF:........neighbour = Building (254)
PF:........neighbour = Building (254)
PF:........neighbour = Building (254)
PF:........neighbour = Road (262)
PF:........initCost[267][262] = 45514
PF:........neighbour = Road (274)
PF:........initCost[267][274] = 40838
PF:........neighbour = Refuge (255)
PF:........Now processing... Road (264)
PF:........neighbour = Road (260)
PF:........initCost[264][260] = 11637
PF:........neighbour = null
PF:........Now processing... Road (270)
PF:........neighbour = Road (263)
PF:........initCost[270][263] = 9503
PF:........neighbour = Road (257)
PF:........initCost[270][257] = 21161
PF:........Now processing... Road (271)
PF:........neighbour = Road (256)
PF:........initCost[271][256] = 23293
PF:........neighbour = Road (278)
PF:........initCost[271][278] = 17681
PF:........Now processing... Road (268)
PF:........neighbour = Road (278)
PF:........initCost[268][278] = 17537
PF:........neighbour = Road (275)
PF:........initCost[268][275] = 18178
PF:........Now processing... Road (269)
PF:........neighbour = Road (258)
PF:........initCost[269][258] = 7383
PF:........neighbour = Road (266)
PF:........initCost[269][266] = 19644
PF:MySearch.costInit(); DONE!
AT:MySearch is constructed.
AT:Mysearch.costInit();
AT:........Now processing... Road (275)
AT:........neighbour = Road (268)
AT:........initCost[275][268] = 18178
AT:........neighbour = Road (258)
AT:........initCost[275][258] = 11241
AT:........Now processing... Road (274)
AT:........neighbour = Refuge (255)
AT:........neighbour = Road (267)
AT:........initCost[274][267] = 40838
AT:........neighbour = Road (279)
AT:........initCost[274][279] = 10661
AT:........Now processing... Road (273)
AT:........neighbour = Road (281)
AT:........initCost[273][281] = 41290
AT:........neighbour = Road (276)
AT:........initCost[273][276] = 55519
AT:........Now processing... Road (272)
AT:........neighbour = Road (277)
AT:........initCost[272][277] = 41516
AT:........neighbour = Road (281)
AT:........initCost[272][281] = 10837
AT:........Now processing... Road (279)
AT:........neighbour = Road (274)
AT:........initCost[279][274] = 10661
AT:........neighbour = Road (266)
AT:........initCost[279][266] = 20572
AT:........neighbour = Road (276)
AT:........initCost[279][276] = 40627
AT:........Now processing... Road (278)
AT:........neighbour = Road (271)
AT:........initCost[278][271] = 17681
AT:........neighbour = Road (268)
AT:........initCost[278][268] = 17537
AT:........neighbour = Road (263)
AT:........initCost[278][263] = 9720
AT:........Now processing... Road (277)
AT:........neighbour = Road (272)
AT:........initCost[277][272] = 41516
AT:........neighbour = Road (259)
AT:........initCost[277][259] = 44534
AT:........Now processing... Road (276)
AT:........neighbour = Road (279)
AT:........initCost[276][279] = 40627
AT:........neighbour = Road (273)
AT:........initCost[276][273] = 55519
AT:........Now processing... Road (283)
AT:........Now processing... Road (282)
AT:........Now processing... Road (281)
AT:........neighbour = Road (256)
AT:........initCost[281][256] = 10608
AT:........neighbour = Road (272)
AT:........initCost[281][272] = 10837
AT:........neighbour = Road (273)
AT:........initCost[281][273] = 41290
AT:........Now processing... Road (280)
AT:........neighbour = Road (257)
AT:........initCost[280][257] = 16161
AT:........neighbour = Road (262)
AT:........initCost[280][262] = 8683
AT:........neighbour = Road (259)
AT:........initCost[280][259] = 7313
AT:........Now processing... Road (285)
AT:........Now processing... Road (284)
AT:........Now processing... Road (258)
AT:........neighbour = Road (275)
AT:........initCost[258][275] = 11241
AT:........neighbour = Road (269)
AT:........initCost[258][269] = 7383
AT:........Now processing... Road (259)
AT:........neighbour = Road (280)
AT:........initCost[259][280] = 7313
AT:........neighbour = Road (277)
AT:........initCost[259][277] = 44534
AT:........Now processing... Road (256)
AT:........neighbour = Road (281)
AT:........initCost[256][281] = 10608
AT:........neighbour = Road (271)
AT:........initCost[256][271] = 23293
AT:........Now processing... Road (257)
AT:........neighbour = Road (270)
AT:........initCost[257][270] = 21161
AT:........neighbour = Road (280)
AT:........initCost[257][280] = 16161
AT:........Now processing... Road (262)
AT:........neighbour = Road (267)
AT:........initCost[262][267] = 45514
AT:........neighbour = Road (280)
AT:........initCost[262][280] = 8683
AT:........Now processing... Road (263)
AT:........neighbour = Road (278)
AT:........initCost[263][278] = 9720
AT:........neighbour = Road (270)
AT:........initCost[263][270] = 9503
AT:........Now processing... Road (260)
AT:........neighbour = Road (264)
AT:........initCost[260][264] = 11637
AT:........neighbour = null
AT:........Now processing... Road (266)
AT:........neighbour = Road (269)
AT:........initCost[266][269] = 19644
AT:........neighbour = Road (279)
AT:........initCost[266][279] = 20572
AT:........Now processing... Road (267)
AT:........neighbour = Building (254)
AT:........neighbour = Building (254)
AT:........neighbour = Building (254)
AT:........neighbour = Road (262)
AT:........initCost[267][262] = 45514
AT:........neighbour = Road (274)
AT:........initCost[267][274] = 40838
AT:........neighbour = Refuge (255)
AT:........Now processing... Road (264)
AT:........neighbour = Road (260)
AT:........initCost[264][260] = 11637
AT:........neighbour = null
AT:........Now processing... Road (270)
AT:........neighbour = Road (263)
AT:........initCost[270][263] = 9503
AT:........neighbour = Road (257)
AT:........initCost[270][257] = 21161
AT:........Now processing... Road (271)
AT:........neighbour = Road (256)
AT:........initCost[271][256] = 23293
AT:........neighbour = Road (278)
AT:........initCost[271][278] = 17681
AT:........Now processing... Road (268)
AT:........neighbour = Road (278)
AT:........initCost[268][278] = 17537
AT:........neighbour = Road (275)
AT:........initCost[268][275] = 18178
AT:........Now processing... Road (269)
AT:........neighbour = Road (258)
AT:........initCost[269][258] = 7383
AT:........neighbour = Road (266)
AT:........initCost[269][266] = 19644
AT:MySearch.costInit(); DONE!
FB:sendSubscribe(3, 1
FB:....Search target building...
AT:sendSubscribe(3, 1
FB:....Search target building...
FB:....Search target building...
PF:....Heard urn:rescuecore2.standard:message:speak : Agent ID = 292, Time = 4, Channel = 1, Message = 55 bytes of raw data
FB:....Search target building...
PF:....Heard urn:rescuecore2.standard:message:speak : Agent ID = 292, Time = 5, Channel = 1, Message = 55 bytes of raw data
FB:....Search target building...
PF:....Heard urn:rescuecore2.standard:message:speak : Agent ID = 292, Time = 6, Channel = 1, Message = 55 bytes of raw data
FB:....Search target building...
PF:....Heard urn:rescuecore2.standard:message:speak : Agent ID = 292, Time = 7, Channel = 1, Message = 55 bytes of raw data
FB:....Search target building...
PF:....Heard urn:rescuecore2.standard:message:speak : Agent ID = 292, Time = 8, Channel = 1, Message = 55 bytes of raw data
FB:....Search target building...
PF:....Heard urn:rescuecore2.standard:message:speak : Agent ID = 292, Time = 9, Channel = 1, Message = 55 bytes of raw data
FB:....Search target building...
FB:....Search target building...
PF:....Heard urn:rescuecore2.standard:message:speak : Agent ID = 292, Time = 11, Channel = 1, Message = 55 bytes of raw data
FB:....Search target building...
PF:....Heard urn:rescuecore2.standard:message:speak : Agent ID = 292, Time = 12, Channel = 1, Message = 55 bytes of raw data
FB:....Search target building...
PF:....Heard urn:rescuecore2.standard:message:speak : Agent ID = 292, Time = 13, Channel = 1, Message = 55 bytes of raw data
FB:....Search target building...
PF:....Heard urn:rescuecore2.standard:message:speak : Agent ID = 292, Time = 14, Channel = 1, Message = 55 bytes of raw data
FB:....Search target building...
PF:....Heard urn:rescuecore2.standard:message:speak : Agent ID = 292, Time = 15, Channel = 1, Message = 55 bytes of raw data
FB:....Search target building...
PF:....Heard urn:rescuecore2.standard:message:speak : Agent ID = 292, Time = 16, Channel = 1, Message = 55 bytes of raw data
FB:....Search target building...
PF:....Heard urn:rescuecore2.standard:message:speak : Agent ID = 292, Time = 17, Channel = 1, Message = 55 bytes of raw data
FB:....Search target building...
FB:....Search target building...
FB:....Search target building...
FB:....Search target building...
FB:....Search target building...
FB:....Search target building...
FB:....Search target building...
FB:....Search target building...
FB:....Search target building...
PF:....Heard urn:rescuecore2.standard:message:speak : Agent ID = 292, Time = 26, Channel = 1, Message = 55 bytes of raw data
FB:....Search target building...
FB:....ターゲット候補:Building (250)
FB:....ターゲット決定: Building (250)
PF:....Heard urn:rescuecore2.standard:message:speak : Agent ID = 292, Time = 27, Channel = 1, Message = 55 bytes of raw data
PF:....Heard urn:rescuecore2.standard:message:speak : Agent ID = 291, Time = 28, Channel = 1, Message = 17 bytes of raw data
FB:....Search target building...
FB:....ターゲット候補:Building (250)
FB:....ターゲット決定: Building (250)
PF:....Heard urn:rescuecore2.standard:message:speak : Agent ID = 291, Time = 29, Channel = 1, Message = 17 bytes of raw data
FB:....Search target building...
FB:....ターゲット候補:Building (250)
FB:....ターゲット決定: Building (250)
PF:....Heard urn:rescuecore2.standard:message:speak : Agent ID = 292, Time = 30, Channel = 1, Message = 55 bytes of raw data
FB:....Search target building...
FB:....ターゲット候補:Building (250)
FB:....ターゲット決定: Building (250)
PF:....Heard urn:rescuecore2.standard:message:speak : Agent ID = 292, Time = 31, Channel = 1, Message = 55 bytes of raw data
FB:....Search target building...
FB:....ターゲット候補:Building (250)
FB:....ターゲット決定: Building (250)
PF:....Heard urn:rescuecore2.standard:message:speak : Agent ID = 292, Time = 32, Channel = 1, Message = 55 bytes of raw data
FB:....Search target building...
FB:....ターゲット候補:Building (250)
FB:....ターゲット決定: Building (250)
PF:....Heard urn:rescuecore2.standard:message:speak : Agent ID = 292, Time = 33, Channel = 1, Message = 55 bytes of raw data
FB:....Search target building...
FB:....ターゲット候補:Building (250)
FB:....ターゲット決定: Building (250)
FB:....Search target building...
FB:....ターゲット候補:Building (250)
FB:....ターゲット決定: Building (250)
PF:....Heard urn:rescuecore2.standard:message:speak : Agent ID = 291, Time = 34, Channel = 1, Message = 17 bytes of raw data
FB:....Search target building...
PF:....Heard urn:rescuecore2.standard:message:speak : Agent ID = 291, Time = 35, Channel = 1, Message = 17 bytes of raw data
FB:....Search target building...
PF:....Heard urn:rescuecore2.standard:message:speak : Agent ID = 292, Time = 36, Channel = 1, Message = 55 bytes of raw data
FB:....Search target building...
PF:....Heard urn:rescuecore2.standard:message:speak : Agent ID = 292, Time = 37, Channel = 1, Message = 55 bytes of raw data
FB:....Search target building...
PF:....Heard urn:rescuecore2.standard:message:speak : Agent ID = 292, Time = 38, Channel = 1, Message = 55 bytes of raw data
FB:....Search target building...
PF:....Heard urn:rescuecore2.standard:message:speak : Agent ID = 292, Time = 39, Channel = 1, Message = 55 bytes of raw data
FB:....Search target building...
PF:....Heard urn:rescuecore2.standard:message:speak : Agent ID = 292, Time = 40, Channel = 1, Message = 55 bytes of raw data
FB:....Search target building...
PF:....Heard urn:rescuecore2.standard:message:speak : Agent ID = 292, Time = 41, Channel = 1, Message = 55 bytes of raw data
FB:....Search target building...
PF:....Heard urn:rescuecore2.standard:message:speak : Agent ID = 292, Time = 42, Channel = 1, Message = 55 bytes of raw data
FB:....Search target building...
PF:....Heard urn:rescuecore2.standard:message:speak : Agent ID = 292, Time = 43, Channel = 1, Message = 55 bytes of raw data
FB:....Search target building...
FB:....ターゲット候補:Building (248)
FB:....ターゲット決定: Building (248)
PF:....Heard urn:rescuecore2.standard:message:speak : Agent ID = 292, Time = 44, Channel = 1, Message = 55 bytes of raw data
FB:....Search target building...
FB:....ターゲット候補:Building (248)
FB:....ターゲット決定: Building (248)
PF:....Heard urn:rescuecore2.standard:message:speak : Agent ID = 291, Time = 45, Channel = 1, Message = 17 bytes of raw data
FB:....Search target building...
PF:....Heard urn:rescuecore2.standard:message:speak : Agent ID = 291, Time = 46, Channel = 1, Message = 17 bytes of raw data
FB:....Search target building...
FB:....ターゲット候補:Building (249)
FB:....ターゲット決定: Building (249)
PF:....Heard urn:rescuecore2.standard:message:speak : Agent ID = 292, Time = 47, Channel = 1, Message = 55 bytes of raw data
FB:....Search target building...
FB:....ターゲット候補:Building (249)
FB:....ターゲット決定: Building (249)
PF:....Heard urn:rescuecore2.standard:message:speak : Agent ID = 292, Time = 48, Channel = 1, Message = 55 bytes of raw data
FB:....Search target building...
FB:....ターゲット候補:Building (249)
FB:....ターゲット決定: Building (249)
PF:....Heard urn:rescuecore2.standard:message:speak : Agent ID = 292, Time = 49, Channel = 1, Message = 55 bytes of raw data
FB:....Search target building...
FB:....ターゲット候補:Building (249)
FB:....ターゲット決定: Building (249)
PF:....Heard urn:rescuecore2.standard:message:speak : Agent ID = 291, Time = 50, Channel = 1, Message = 17 bytes of raw data
FB:....Search target building...
FB:....ターゲット候補:Building (249)
FB:....ターゲット決定: Building (249)
PF:....Heard urn:rescuecore2.standard:message:speak : Agent ID = 292, Time = 51, Channel = 1, Message = 55 bytes of raw data
FB:....Search target building...
FB:....ターゲット候補:Building (249)
FB:....ターゲット決定: Building (249)
PF:....Heard urn:rescuecore2.standard:message:speak : Agent ID = 292, Time = 52, Channel = 1, Message = 55 bytes of raw data
FB:....Search target building...
FB:....ターゲット候補:Building (249)
FB:....ターゲット決定: Building (249)
PF:....Heard urn:rescuecore2.standard:message:speak : Agent ID = 291, Time = 53, Channel = 1, Message = 17 bytes of raw data
FB:....Search target building...
FB:....ターゲット候補:Building (249)
FB:....ターゲット決定: Building (249)
PF:....Heard urn:rescuecore2.standard:message:speak : Agent ID = 292, Time = 54, Channel = 1, Message = 55 bytes of raw data
FB:....Search target building...
FB:....ターゲット候補:Building (249)
FB:....ターゲット決定: Building (249)
PF:....Heard urn:rescuecore2.standard:message:speak : Agent ID = 291, Time = 55, Channel = 1, Message = 17 bytes of raw data
FB:....Search target building...
FB:....ターゲット候補:Building (249)
FB:....ターゲット決定: Building (249)
PF:....Heard urn:rescuecore2.standard:message:speak : Agent ID = 292, Time = 56, Channel = 1, Message = 55 bytes of raw data
FB:....Search target building...
FB:....ターゲット候補:Building (249)
FB:....ターゲット決定: Building (249)
PF:....Heard urn:rescuecore2.standard:message:speak : Agent ID = 292, Time = 57, Channel = 1, Message = 55 bytes of raw data
FB:....Search target building...
FB:....ターゲット候補:Building (249)
FB:....ターゲット決定: Building (249)
PF:....Heard urn:rescuecore2.standard:message:speak : Agent ID = 291, Time = 58, Channel = 1, Message = 17 bytes of raw data
FB:....Search target building...
FB:....ターゲット候補:Building (247)
FB:....ターゲット候補:Building (249)
FB:....ターゲット決定: Building (247)
PF:....Heard urn:rescuecore2.standard:message:speak : Agent ID = 292, Time = 59, Channel = 1, Message = 55 bytes of raw data
FB:....Search target building...
FB:....ターゲット候補:Building (247)
FB:....ターゲット候補:Building (249)
FB:....ターゲット決定: Building (247)
PF:....Heard urn:rescuecore2.standard:message:speak : Agent ID = 292, Time = 60, Channel = 1, Message = 55 bytes of raw data
FB:....Search target building...
FB:....ターゲット候補:Building (249)
FB:....ターゲット決定: Building (249)
PF:....Heard urn:rescuecore2.standard:message:speak : Agent ID = 291, Time = 61, Channel = 1, Message = 17 bytes of raw data
FB:....Search target building...
FB:....ターゲット候補:Building (249)
FB:....ターゲット決定: Building (249)
PF:....Heard urn:rescuecore2.standard:message:speak : Agent ID = 292, Time = 62, Channel = 1, Message = 55 bytes of raw data
FB:....Search target building...
FB:....ターゲット候補:Building (247)
FB:....ターゲット候補:Building (249)
FB:....ターゲット決定: Building (247)
PF:....Heard urn:rescuecore2.standard:message:speak : Agent ID = 292, Time = 63, Channel = 1, Message = 55 bytes of raw data
FB:....Search target building...
FB:....ターゲット候補:Building (249)
FB:....ターゲット決定: Building (249)
PF:....Heard urn:rescuecore2.standard:message:speak : Agent ID = 291, Time = 64, Channel = 1, Message = 17 bytes of raw data
FB:....Search target building...
FB:....ターゲット候補:Building (249)
FB:....ターゲット決定: Building (249)
PF:....Heard urn:rescuecore2.standard:message:speak : Agent ID = 291, Time = 65, Channel = 1, Message = 17 bytes of raw data
FB:....Search target building...
FB:....ターゲット候補:Building (249)
FB:....ターゲット決定: Building (249)
PF:....Heard urn:rescuecore2.standard:message:speak : Agent ID = 291, Time = 66, Channel = 1, Message = 17 bytes of raw data
FB:....Search target building...
FB:....ターゲット候補:Building (249)
FB:....ターゲット決定: Building (249)
PF:....Heard urn:rescuecore2.standard:message:speak : Agent ID = 291, Time = 67, Channel = 1, Message = 17 bytes of raw data
FB:....Search target building...
FB:....ターゲット候補:Building (249)
FB:....ターゲット決定: Building (249)
PF:....Heard urn:rescuecore2.standard:message:speak : Agent ID = 292, Time = 68, Channel = 1, Message = 55 bytes of raw data
FB:....Search target building...
FB:....ターゲット候補:Building (249)
FB:....ターゲット決定: Building (249)
PF:....Heard urn:rescuecore2.standard:message:speak : Agent ID = 292, Time = 69, Channel = 1, Message = 55 bytes of raw data
FB:....Search target building...
FB:....ターゲット候補:Building (249)
FB:....ターゲット決定: Building (249)
PF:....Heard urn:rescuecore2.standard:message:speak : Agent ID = 291, Time = 70, Channel = 1, Message = 17 bytes of raw data
FB:....Search target building...
FB:....ターゲット候補:Building (249)
FB:....ターゲット決定: Building (249)
PF:....Heard urn:rescuecore2.standard:message:speak : Agent ID = 292, Time = 71, Channel = 1, Message = 55 bytes of raw data
FB:....Search target building...
FB:....ターゲット候補:Building (249)
FB:....ターゲット決定: Building (249)
PF:....Heard urn:rescuecore2.standard:message:speak : Agent ID = 291, Time = 72, Channel = 1, Message = 17 bytes of raw data
PF:....Heard urn:rescuecore2.standard:message:speak : Agent ID = 291, Time = 73, Channel = 1, Message = 17 bytes of raw data
FB:....Search target building...
FB:....ターゲット候補:Building (249)
FB:....ターゲット決定: Building (249)
FB:....Search target building...
FB:....ターゲット候補:Building (249)
FB:....ターゲット決定: Building (249)
PF:....Heard urn:rescuecore2.standard:message:speak : Agent ID = 292, Time = 74, Channel = 1, Message = 55 bytes of raw data
FB:....Search target building...
FB:....ターゲット候補:Building (249)
FB:....ターゲット決定: Building (249)
PF:....Heard urn:rescuecore2.standard:message:speak : Agent ID = 292, Time = 75, Channel = 1, Message = 55 bytes of raw data
FB:....Search target building...
FB:....ターゲット候補:Building (249)
FB:....ターゲット決定: Building (249)
PF:....Heard urn:rescuecore2.standard:message:speak : Agent ID = 291, Time = 76, Channel = 1, Message = 17 bytes of raw data
FB:....Search target building...
FB:....ターゲット候補:Building (249)
FB:....ターゲット決定: Building (249)
PF:....Heard urn:rescuecore2.standard:message:speak : Agent ID = 292, Time = 77, Channel = 1, Message = 55 bytes of raw data
FB:....Search target building...
FB:....ターゲット候補:Building (249)
FB:....ターゲット決定: Building (249)
PF:....Heard urn:rescuecore2.standard:message:speak : Agent ID = 291, Time = 78, Channel = 1, Message = 17 bytes of raw data
FB:....Search target building...
FB:....ターゲット候補:Building (249)
FB:....ターゲット決定: Building (249)
PF:....Heard urn:rescuecore2.standard:message:speak : Agent ID = 291, Time = 79, Channel = 1, Message = 17 bytes of raw data
FB:....Search target building...
FB:....ターゲット候補:Building (249)
FB:....ターゲット決定: Building (249)
PF:....Heard urn:rescuecore2.standard:message:speak : Agent ID = 291, Time = 80, Channel = 1, Message = 17 bytes of raw data
FB:....Search target building...
FB:....ターゲット候補:Building (249)
FB:....ターゲット決定: Building (249)
PF:....Heard urn:rescuecore2.standard:message:speak : Agent ID = 292, Time = 81, Channel = 1, Message = 55 bytes of raw data
FB:....Search target building...
FB:....ターゲット候補:Building (249)
FB:....ターゲット決定: Building (249)
PF:....Heard urn:rescuecore2.standard:message:speak : Agent ID = 291, Time = 82, Channel = 1, Message = 17 bytes of raw data
FB:....Search target building...
FB:....ターゲット候補:Building (249)
FB:....ターゲット決定: Building (249)
PF:....Heard urn:rescuecore2.standard:message:speak : Agent ID = 292, Time = 83, Channel = 1, Message = 55 bytes of raw data
FB:....Search target building...
FB:....ターゲット候補:Building (249)
FB:....ターゲット決定: Building (249)
PF:....Heard urn:rescuecore2.standard:message:speak : Agent ID = 292, Time = 84, Channel = 1, Message = 55 bytes of raw data
FB:....Search target building...
FB:....ターゲット候補:Building (249)
FB:....ターゲット決定: Building (249)
PF:....Heard urn:rescuecore2.standard:message:speak : Agent ID = 292, Time = 85, Channel = 1, Message = 55 bytes of raw data
FB:....Search target building...
FB:....ターゲット候補:Building (249)
FB:....ターゲット決定: Building (249)
PF:....Heard urn:rescuecore2.standard:message:speak : Agent ID = 292, Time = 86, Channel = 1, Message = 55 bytes of raw data
FB:....Search target building...
FB:....ターゲット候補:Building (249)
FB:....ターゲット決定: Building (249)
PF:....Heard urn:rescuecore2.standard:message:speak : Agent ID = 291, Time = 87, Channel = 1, Message = 17 bytes of raw data
