UNKNOWN:MySearch is constructed.
UNKNOWN:Mysearch.costInit();
UNKNOWN:........Now processing... Road (516)
UNKNOWN:........neighbour = Road (513)
UNKNOWN:........initCost[516][513] = 34723
UNKNOWN:........neighbour = Road (517)
UNKNOWN:........initCost[516][517] = 55405
UNKNOWN:........Now processing... Road (508)
UNKNOWN:........neighbour = Building (406)
UNKNOWN:........neighbour = Road (507)
UNKNOWN:........initCost[508][507] = 31607
UNKNOWN:........neighbour = Building (408)
UNKNOWN:........neighbour = Road (506)
UNKNOWN:........initCost[508][506] = 42721
UNKNOWN:........Now processing... Road (517)
UNKNOWN:........neighbour = Refuge (412)
UNKNOWN:........neighbour = Road (515)
UNKNOWN:........initCost[517][515] = 69503
UNKNOWN:........neighbour = Road (516)
UNKNOWN:........initCost[517][516] = 55405
UNKNOWN:........Now processing... Road (509)
UNKNOWN:........neighbour = Road (506)
UNKNOWN:........initCost[509][506] = 64148
UNKNOWN:........neighbour = Building (408)
UNKNOWN:........neighbour = Road (511)
UNKNOWN:........initCost[509][511] = 36349
UNKNOWN:........neighbour = Building (409)
UNKNOWN:........neighbour = Road (512)
UNKNOWN:........initCost[509][512] = 25041
UNKNOWN:........neighbour = Road (505)
UNKNOWN:........initCost[509][505] = 51124
UNKNOWN:........neighbour = Building (407)
UNKNOWN:........Now processing... Road (518)
UNKNOWN:........neighbour = Road (519)
UNKNOWN:........initCost[518][519] = 74616
UNKNOWN:........neighbour = Road (501)
UNKNOWN:........initCost[518][501] = 38298
UNKNOWN:........neighbour = Road (507)
UNKNOWN:........initCost[518][507] = 127915
UNKNOWN:........Now processing... Road (510)
UNKNOWN:........neighbour = Road (507)
UNKNOWN:........initCost[510][507] = 68206
UNKNOWN:........neighbour = Road (513)
UNKNOWN:........initCost[510][513] = 70470
UNKNOWN:........neighbour = Road (511)
UNKNOWN:........initCost[510][511] = 34071
UNKNOWN:........Now processing... Road (519)
UNKNOWN:........neighbour = Road (518)
UNKNOWN:........initCost[519][518] = 74616
UNKNOWN:........neighbour = Road (501)
UNKNOWN:........initCost[519][501] = 56324
UNKNOWN:........neighbour = Road (520)
UNKNOWN:........initCost[519][520] = 43441
UNKNOWN:........Now processing... Road (511)
UNKNOWN:........neighbour = Road (509)
UNKNOWN:........initCost[511][509] = 36349
UNKNOWN:........neighbour = Road (510)
UNKNOWN:........initCost[511][510] = 34071
UNKNOWN:........Now processing... Road (512)
UNKNOWN:........neighbour = Road (509)
UNKNOWN:........initCost[512][509] = 25041
UNKNOWN:........neighbour = Road (515)
UNKNOWN:........initCost[512][515] = 56120
UNKNOWN:........neighbour = Road (514)
UNKNOWN:........initCost[512][514] = 63511
UNKNOWN:........Now processing... Road (504)
UNKNOWN:........neighbour = Building (402)
UNKNOWN:........neighbour = Building (405)
UNKNOWN:........neighbour = Building (407)
UNKNOWN:........neighbour = Road (505)
UNKNOWN:........initCost[504][505] = 72509
UNKNOWN:........neighbour = Road (518)
UNKNOWN:........initCost[504][518] = 84371
UNKNOWN:........Now processing... Road (513)
UNKNOWN:........neighbour = Road (510)
UNKNOWN:........initCost[513][510] = 70470
UNKNOWN:........neighbour = Road (516)
UNKNOWN:........initCost[513][516] = 34723
UNKNOWN:........neighbour = Road (514)
UNKNOWN:........initCost[513][514] = 49872
UNKNOWN:........neighbour = Road (514)
UNKNOWN:........initCost[513][514] = 49872
UNKNOWN:........Now processing... Road (505)
UNKNOWN:........neighbour = Road (504)
UNKNOWN:........initCost[505][504] = 72509
UNKNOWN:........neighbour = Road (509)
UNKNOWN:........initCost[505][509] = 51124
UNKNOWN:........neighbour = Road (515)
UNKNOWN:........initCost[505][515] = 127228
UNKNOWN:........Now processing... Road (514)
UNKNOWN:........neighbour = Road (513)
UNKNOWN:........initCost[514][513] = 49872
UNKNOWN:........neighbour = Building (409)
UNKNOWN:........neighbour = Road (512)
UNKNOWN:........initCost[514][512] = 63511
UNKNOWN:........neighbour = Building (411)
UNKNOWN:........neighbour = Road (515)
UNKNOWN:........initCost[514][515] = 48829
UNKNOWN:........neighbour = Refuge (412)
UNKNOWN:........neighbour = Road (516)
UNKNOWN:........initCost[514][516] = 72555
UNKNOWN:........neighbour = Building (410)
UNKNOWN:........Now processing... Road (506)
UNKNOWN:........neighbour = Road (507)
UNKNOWN:........initCost[506][507] = 47113
UNKNOWN:........neighbour = Road (508)
UNKNOWN:........initCost[506][508] = 42721
UNKNOWN:........neighbour = Road (509)
UNKNOWN:........initCost[506][509] = 64148
UNKNOWN:........neighbour = Building (405)
UNKNOWN:........neighbour = Road (503)
UNKNOWN:........initCost[506][503] = 57422
UNKNOWN:........neighbour = Building (404)
UNKNOWN:........Now processing... Road (515)
UNKNOWN:........neighbour = Road (505)
UNKNOWN:........initCost[515][505] = 127228
UNKNOWN:........neighbour = Road (512)
UNKNOWN:........initCost[515][512] = 56120
UNKNOWN:........neighbour = Road (514)
UNKNOWN:........initCost[515][514] = 48829
UNKNOWN:........neighbour = Road (517)
UNKNOWN:........initCost[515][517] = 69503
UNKNOWN:........Now processing... Road (507)
UNKNOWN:........neighbour = Road (506)
UNKNOWN:........initCost[507][506] = 47113
UNKNOWN:........neighbour = Road (518)
UNKNOWN:........initCost[507][518] = 127915
UNKNOWN:........neighbour = Road (510)
UNKNOWN:........initCost[507][510] = 68206
UNKNOWN:........neighbour = Road (508)
UNKNOWN:........initCost[507][508] = 31607
UNKNOWN:........Now processing... Road (501)
UNKNOWN:........neighbour = Building (401)
UNKNOWN:........neighbour = Building (404)
UNKNOWN:........neighbour = Road (503)
UNKNOWN:........initCost[501][503] = 68690
UNKNOWN:........neighbour = Building (405)
UNKNOWN:........Now processing... Road (502)
UNKNOWN:........neighbour = Road (518)
UNKNOWN:........initCost[502][518] = 74580
UNKNOWN:........neighbour = Building (403)
UNKNOWN:........Now processing... Road (503)
UNKNOWN:........neighbour = Road (501)
UNKNOWN:........initCost[503][501] = 68690
UNKNOWN:........neighbour = Building (404)
UNKNOWN:........neighbour = Road (506)
UNKNOWN:........initCost[503][506] = 57422
UNKNOWN:........Now processing... Road (520)
UNKNOWN:........neighbour = Road (519)
UNKNOWN:........initCost[520][519] = 43441
UNKNOWN:........neighbour = Road (502)
UNKNOWN:........initCost[520][502] = 21904
UNKNOWN:........neighbour = Road (504)
UNKNOWN:........initCost[520][504] = 93986
UNKNOWN:MySearch.costInit(); DONE!
UNKNOWN:Heading for a refuge
UNKNOWN:Heading for a refuge
UNKNOWN:Heading for a refuge
UNKNOWN:Heading for a refuge
UNKNOWN:Heading for a refuge
UNKNOWN:Heading for a refuge
UNKNOWN:Heading for a refuge
UNKNOWN:Heading for a refuge
UNKNOWN:Heading for a refuge
UNKNOWN:Heading for a refuge
UNKNOWN:Heading for a refuge
UNKNOWN:Heading for a refuge
UNKNOWN:Heading for a refuge
UNKNOWN:Heading for a refuge
UNKNOWN:Heading for a refuge
UNKNOWN:Heading for a refuge
UNKNOWN:Heading for a refuge
UNKNOWN:Heading for a refuge
UNKNOWN:Heading for a refuge
UNKNOWN:Heading for a refuge
UNKNOWN:Heading for a refuge
UNKNOWN:Heading for a refuge
UNKNOWN:Heading for a refuge
UNKNOWN:Heading for a refuge
UNKNOWN:Heading for a refuge
UNKNOWN:Heading for a refuge
UNKNOWN:Heading for a refuge
UNKNOWN:Heading for a refuge
UNKNOWN:Not moving
UNKNOWN:Not moving
UNKNOWN:Not moving
UNKNOWN:Not moving
UNKNOWN:Not moving
UNKNOWN:Not moving
UNKNOWN:Not moving
UNKNOWN:Not moving
UNKNOWN:Not moving
UNKNOWN:Not moving
UNKNOWN:Not moving
UNKNOWN:Shouting in pain
UNKNOWN:Not moving
UNKNOWN:Not moving
UNKNOWN:Not moving
UNKNOWN:Calling for help
UNKNOWN:Not moving
UNKNOWN:Shouting in pain
UNKNOWN:Not moving
UNKNOWN:Not moving
UNKNOWN:Not moving
UNKNOWN:Unconcious or dead
UNKNOWN:Unconcious or dead
UNKNOWN:Unconcious or dead
UNKNOWN:Unconcious or dead
UNKNOWN:Unconcious or dead
UNKNOWN:Unconcious or dead
UNKNOWN:Unconcious or dead
UNKNOWN:Unconcious or dead
UNKNOWN:Unconcious or dead
UNKNOWN:Unconcious or dead
UNKNOWN:Unconcious or dead
UNKNOWN:Unconcious or dead
UNKNOWN:Unconcious or dead
UNKNOWN:Unconcious or dead
UNKNOWN:Unconcious or dead
UNKNOWN:Unconcious or dead
UNKNOWN:Unconcious or dead
UNKNOWN:Unconcious or dead
UNKNOWN:Unconcious or dead
UNKNOWN:Unconcious or dead
UNKNOWN:Unconcious or dead
UNKNOWN:Unconcious or dead
UNKNOWN:Unconcious or dead
UNKNOWN:Unconcious or dead
UNKNOWN:Unconcious or dead
UNKNOWN:Unconcious or dead
UNKNOWN:Unconcious or dead
UNKNOWN:Unconcious or dead
UNKNOWN:Unconcious or dead
UNKNOWN:Unconcious or dead
UNKNOWN:Unconcious or dead
UNKNOWN:Unconcious or dead
UNKNOWN:Unconcious or dead
UNKNOWN:Unconcious or dead
UNKNOWN:Unconcious or dead
UNKNOWN:Unconcious or dead
UNKNOWN:Unconcious or dead
UNKNOWN:Unconcious or dead
UNKNOWN:Unconcious or dead
UNKNOWN:Unconcious or dead
UNKNOWN:Unconcious or dead
UNKNOWN:Unconcious or dead
UNKNOWN:Unconcious or dead
UNKNOWN:Unconcious or dead
UNKNOWN:Unconcious or dead
UNKNOWN:Unconcious or dead
UNKNOWN:Unconcious or dead
UNKNOWN:Unconcious or dead
UNKNOWN:Unconcious or dead
UNKNOWN:Unconcious or dead
UNKNOWN:Unconcious or dead
UNKNOWN:Unconcious or dead
UNKNOWN:Unconcious or dead
UNKNOWN:Unconcious or dead
UNKNOWN:Unconcious or dead
UNKNOWN:Unconcious or dead
UNKNOWN:Unconcious or dead
UNKNOWN:Unconcious or dead
UNKNOWN:Unconcious or dead
UNKNOWN:Unconcious or dead
UNKNOWN:Unconcious or dead
UNKNOWN:Unconcious or dead
UNKNOWN:Unconcious or dead
UNKNOWN:Unconcious or dead
UNKNOWN:Unconcious or dead
UNKNOWN:Unconcious or dead
UNKNOWN:Unconcious or dead
UNKNOWN:Unconcious or dead
UNKNOWN:Unconcious or dead
UNKNOWN:Unconcious or dead
UNKNOWN:Unconcious or dead
UNKNOWN:Unconcious or dead
UNKNOWN:Unconcious or dead
UNKNOWN:Unconcious or dead
UNKNOWN:Unconcious or dead
UNKNOWN:Unconcious or dead
UNKNOWN:Unconcious or dead
UNKNOWN:Unconcious or dead
UNKNOWN:Unconcious or dead
UNKNOWN:Unconcious or dead
UNKNOWN:Unconcious or dead
UNKNOWN:Unconcious or dead
UNKNOWN:Unconcious or dead
UNKNOWN:Unconcious or dead
UNKNOWN:Unconcious or dead
UNKNOWN:Unconcious or dead
UNKNOWN:Unconcious or dead
UNKNOWN:Unconcious or dead
UNKNOWN:Unconcious or dead
UNKNOWN:Unconcious or dead
UNKNOWN:Unconcious or dead
UNKNOWN:Unconcious or dead
UNKNOWN:Unconcious or dead
UNKNOWN:Unconcious or dead
UNKNOWN:Unconcious or dead
UNKNOWN:Unconcious or dead
UNKNOWN:Unconcious or dead
UNKNOWN:Unconcious or dead
UNKNOWN:Unconcious or dead
UNKNOWN:Unconcious or dead
UNKNOWN:Unconcious or dead
UNKNOWN:Unconcious or dead
UNKNOWN:Unconcious or dead
UNKNOWN:Unconcious or dead
UNKNOWN:Unconcious or dead
UNKNOWN:Unconcious or dead
UNKNOWN:Unconcious or dead
UNKNOWN:Unconcious or dead
UNKNOWN:Unconcious or dead
UNKNOWN:Unconcious or dead
UNKNOWN:Unconcious or dead
UNKNOWN:Unconcious or dead
UNKNOWN:Unconcious or dead
UNKNOWN:Unconcious or dead
UNKNOWN:Unconcious or dead
UNKNOWN:Unconcious or dead
UNKNOWN:Unconcious or dead
UNKNOWN:Unconcious or dead
UNKNOWN:Unconcious or dead
UNKNOWN:Unconcious or dead
UNKNOWN:Unconcious or dead
UNKNOWN:Unconcious or dead
UNKNOWN:Unconcious or dead
UNKNOWN:Unconcious or dead
UNKNOWN:Unconcious or dead
UNKNOWN:Unconcious or dead
UNKNOWN:Unconcious or dead
UNKNOWN:Unconcious or dead
UNKNOWN:Unconcious or dead
UNKNOWN:Unconcious or dead
UNKNOWN:Unconcious or dead
UNKNOWN:Unconcious or dead
UNKNOWN:Unconcious or dead
UNKNOWN:Unconcious or dead
UNKNOWN:Unconcious or dead
UNKNOWN:Unconcious or dead
UNKNOWN:Unconcious or dead
UNKNOWN:Unconcious or dead
UNKNOWN:Unconcious or dead
UNKNOWN:Unconcious or dead
UNKNOWN:Unconcious or dead
UNKNOWN:Unconcious or dead
UNKNOWN:Unconcious or dead
UNKNOWN:Unconcious or dead
UNKNOWN:Unconcious or dead
UNKNOWN:Unconcious or dead
UNKNOWN:Unconcious or dead
UNKNOWN:Unconcious or dead
UNKNOWN:Unconcious or dead
UNKNOWN:Unconcious or dead
UNKNOWN:Unconcious or dead
UNKNOWN:Unconcious or dead
UNKNOWN:Unconcious or dead
UNKNOWN:Unconcious or dead
UNKNOWN:Unconcious or dead
UNKNOWN:Unconcious or dead
UNKNOWN:Unconcious or dead
UNKNOWN:Unconcious or dead
UNKNOWN:Unconcious or dead
UNKNOWN:Unconcious or dead
UNKNOWN:Unconcious or dead
UNKNOWN:Unconcious or dead
UNKNOWN:Unconcious or dead
UNKNOWN:Unconcious or dead
UNKNOWN:Unconcious or dead
UNKNOWN:Unconcious or dead
UNKNOWN:Unconcious or dead
UNKNOWN:Unconcious or dead
UNKNOWN:Unconcious or dead
UNKNOWN:Unconcious or dead
UNKNOWN:Unconcious or dead
UNKNOWN:Unconcious or dead
UNKNOWN:Unconcious or dead
UNKNOWN:Unconcious or dead
UNKNOWN:Unconcious or dead
UNKNOWN:Unconcious or dead
UNKNOWN:Unconcious or dead
UNKNOWN:Unconcious or dead
UNKNOWN:Unconcious or dead
UNKNOWN:Unconcious or dead
UNKNOWN:Unconcious or dead
UNKNOWN:Unconcious or dead
UNKNOWN:Unconcious or dead
UNKNOWN:Unconcious or dead
UNKNOWN:Unconcious or dead
UNKNOWN:Unconcious or dead
UNKNOWN:Unconcious or dead
UNKNOWN:Unconcious or dead
UNKNOWN:Unconcious or dead
UNKNOWN:Unconcious or dead
UNKNOWN:Unconcious or dead
UNKNOWN:Unconcious or dead
UNKNOWN:Unconcious or dead
UNKNOWN:Unconcious or dead
UNKNOWN:Unconcious or dead
UNKNOWN:Unconcious or dead
UNKNOWN:Unconcious or dead
UNKNOWN:Unconcious or dead
UNKNOWN:Unconcious or dead
UNKNOWN:Unconcious or dead
UNKNOWN:Unconcious or dead
UNKNOWN:Unconcious or dead
UNKNOWN:Unconcious or dead
UNKNOWN:Unconcious or dead
UNKNOWN:Unconcious or dead
UNKNOWN:Unconcious or dead
UNKNOWN:Unconcious or dead
UNKNOWN:Unconcious or dead
UNKNOWN:Unconcious or dead
